2023-11-03 11:48:19 startup archives unpack
2023-11-03 11:48:19 upgrade motd-news-config:all 12ubuntu4.3 12ubuntu4.4
2023-11-03 11:48:19 status half-configured motd-news-config:all 12ubuntu4.3
2023-11-03 11:48:19 status unpacked motd-news-config:all 12ubuntu4.3
2023-11-03 11:48:19 status half-installed motd-news-config:all 12ubuntu4.3
2023-11-03 11:48:19 status unpacked motd-news-config:all 12ubuntu4.4
2023-11-03 11:48:19 upgrade base-files:amd64 12ubuntu4.3 12ubuntu4.4
2023-11-03 11:48:19 status half-configured base-files:amd64 12ubuntu4.3
2023-11-03 11:48:19 status unpacked base-files:amd64 12ubuntu4.3
2023-11-03 11:48:19 status half-installed base-files:amd64 12ubuntu4.3
2023-11-03 11:48:19 status triggers-pending plymouth-theme-ubuntu-text:amd64 0.9.5+git20211018-1ubuntu3
2023-11-03 11:48:19 status triggers-pending install-info:amd64 6.8-4build1
2023-11-03 11:48:19 status triggers-pending man-db:amd64 2.10.2-1
2023-11-03 11:48:19 status unpacked base-files:amd64 12ubuntu4.4
2023-11-03 11:48:19 startup packages configure
2023-11-03 11:48:19 configure base-files:amd64 12ubuntu4.4 <none>
2023-11-03 11:48:19 status unpacked base-files:amd64 12ubuntu4.4
2023-11-03 11:48:19 status half-configured base-files:amd64 12ubuntu4.4
2023-11-03 11:48:20 status installed base-files:amd64 12ubuntu4.4
2023-11-03 11:48:20 startup archives unpack
2023-11-03 11:48:20 upgrade libnss-systemd:amd64 249.11-0ubuntu3.9 249.11-0ubuntu3.11
2023-11-03 11:48:20 status triggers-pending libc-bin:amd64 2.35-0ubuntu3.4
2023-11-03 11:48:20 status half-configured libnss-systemd:amd64 249.11-0ubuntu3.9
2023-11-03 11:48:20 status unpacked libnss-systemd:amd64 249.11-0ubuntu3.9
2023-11-03 11:48:20 status half-installed libnss-systemd:amd64 249.11-0ubuntu3.9
2023-11-03 11:48:20 status unpacked libnss-systemd:amd64 249.11-0ubuntu3.11
2023-11-03 11:48:20 upgrade libsystemd0:amd64 249.11-0ubuntu3.9 249.11-0ubuntu3.11
2023-11-03 11:48:20 status half-configured libsystemd0:amd64 249.11-0ubuntu3.9
2023-11-03 11:48:20 status unpacked libsystemd0:amd64 249.11-0ubuntu3.9
2023-11-03 11:48:20 status half-installed libsystemd0:amd64 249.11-0ubuntu3.9
2023-11-03 11:48:20 status unpacked libsystemd0:amd64 249.11-0ubuntu3.11
2023-11-03 11:48:20 startup packages configure
2023-11-03 11:48:20 configure libsystemd0:amd64 249.11-0ubuntu3.11 <none>
2023-11-03 11:48:20 status unpacked libsystemd0:amd64 249.11-0ubuntu3.11
2023-11-03 11:48:20 status half-configured libsystemd0:amd64 249.11-0ubuntu3.11
2023-11-03 11:48:20 status installed libsystemd0:amd64 249.11-0ubuntu3.11
2023-11-03 11:48:20 startup archives unpack
2023-11-03 11:48:20 upgrade systemd-timesyncd:amd64 249.11-0ubuntu3.9 249.11-0ubuntu3.11
2023-11-03 11:48:20 status half-configured systemd-timesyncd:amd64 249.11-0ubuntu3.9
2023-11-03 11:48:20 status unpacked systemd-timesyncd:amd64 249.11-0ubuntu3.9
2023-11-03 11:48:20 status half-installed systemd-timesyncd:amd64 249.11-0ubuntu3.9
2023-11-03 11:48:20 status triggers-pending dbus:amd64 1.12.20-2ubuntu4.1
2023-11-03 11:48:20 status unpacked systemd-timesyncd:amd64 249.11-0ubuntu3.11
2023-11-03 11:48:20 upgrade systemd-sysv:amd64 249.11-0ubuntu3.9 249.11-0ubuntu3.11
2023-11-03 11:48:20 status half-configured systemd-sysv:amd64 249.11-0ubuntu3.9
2023-11-03 11:48:20 status unpacked systemd-sysv:amd64 249.11-0ubuntu3.9
2023-11-03 11:48:20 status half-installed systemd-sysv:amd64 249.11-0ubuntu3.9
2023-11-03 11:48:20 status unpacked systemd-sysv:amd64 249.11-0ubuntu3.11
2023-11-03 11:48:20 upgrade libpam-systemd:amd64 249.11-0ubuntu3.9 249.11-0ubuntu3.11
2023-11-03 11:48:20 status half-configured libpam-systemd:amd64 249.11-0ubuntu3.9
2023-11-03 11:48:20 status unpacked libpam-systemd:amd64 249.11-0ubuntu3.9
2023-11-03 11:48:20 status half-installed libpam-systemd:amd64 249.11-0ubuntu3.9
2023-11-03 11:48:20 status unpacked libpam-systemd:amd64 249.11-0ubuntu3.11
2023-11-03 11:48:20 upgrade systemd:amd64 249.11-0ubuntu3.9 249.11-0ubuntu3.11
2023-11-03 11:48:20 status half-configured systemd:amd64 249.11-0ubuntu3.9
2023-11-03 11:48:20 status unpacked systemd:amd64 249.11-0ubuntu3.9
2023-11-03 11:48:20 status half-installed systemd:amd64 249.11-0ubuntu3.9
2023-11-03 11:48:21 status unpacked systemd:amd64 249.11-0ubuntu3.11
2023-11-03 11:48:21 upgrade udev:amd64 249.11-0ubuntu3.9 249.11-0ubuntu3.11
2023-11-03 11:48:21 status half-configured udev:amd64 249.11-0ubuntu3.9
2023-11-03 11:48:21 status unpacked udev:amd64 249.11-0ubuntu3.9
2023-11-03 11:48:21 status half-installed udev:amd64 249.11-0ubuntu3.9
2023-11-03 11:48:21 status unpacked udev:amd64 249.11-0ubuntu3.11
2023-11-03 11:48:21 upgrade libudev1:amd64 249.11-0ubuntu3.9 249.11-0ubuntu3.11
2023-11-03 11:48:21 status half-configured libudev1:amd64 249.11-0ubuntu3.9
2023-11-03 11:48:21 status unpacked libudev1:amd64 249.11-0ubuntu3.9
2023-11-03 11:48:21 status half-installed libudev1:amd64 249.11-0ubuntu3.9
2023-11-03 11:48:21 status unpacked libudev1:amd64 249.11-0ubuntu3.11
2023-11-03 11:48:21 startup packages configure
2023-11-03 11:48:21 configure libudev1:amd64 249.11-0ubuntu3.11 <none>
2023-11-03 11:48:21 status unpacked libudev1:amd64 249.11-0ubuntu3.11
2023-11-03 11:48:21 status half-configured libudev1:amd64 249.11-0ubuntu3.11
2023-11-03 11:48:21 status installed libudev1:amd64 249.11-0ubuntu3.11
2023-11-03 11:48:21 startup archives unpack
2023-11-03 11:48:21 upgrade libxtables12:amd64 1.8.7-1ubuntu5 1.8.7-1ubuntu5.1
2023-11-03 11:48:21 status half-configured libxtables12:amd64 1.8.7-1ubuntu5
2023-11-03 11:48:21 status unpacked libxtables12:amd64 1.8.7-1ubuntu5
2023-11-03 11:48:21 status half-installed libxtables12:amd64 1.8.7-1ubuntu5
2023-11-03 11:48:21 status unpacked libxtables12:amd64 1.8.7-1ubuntu5.1
2023-11-03 11:48:21 upgrade iptables:amd64 1.8.7-1ubuntu5 1.8.7-1ubuntu5.1
2023-11-03 11:48:21 status half-configured iptables:amd64 1.8.7-1ubuntu5
2023-11-03 11:48:21 status unpacked iptables:amd64 1.8.7-1ubuntu5
2023-11-03 11:48:21 status half-installed iptables:amd64 1.8.7-1ubuntu5
2023-11-03 11:48:21 status unpacked iptables:amd64 1.8.7-1ubuntu5.1
2023-11-03 11:48:21 upgrade libip6tc2:amd64 1.8.7-1ubuntu5 1.8.7-1ubuntu5.1
2023-11-03 11:48:21 status half-configured libip6tc2:amd64 1.8.7-1ubuntu5
2023-11-03 11:48:21 status unpacked libip6tc2:amd64 1.8.7-1ubuntu5
2023-11-03 11:48:21 status half-installed libip6tc2:amd64 1.8.7-1ubuntu5
2023-11-03 11:48:21 status unpacked libip6tc2:amd64 1.8.7-1ubuntu5.1
2023-11-03 11:48:21 upgrade libip4tc2:amd64 1.8.7-1ubuntu5 1.8.7-1ubuntu5.1
2023-11-03 11:48:21 status half-configured libip4tc2:amd64 1.8.7-1ubuntu5
2023-11-03 11:48:21 status unpacked libip4tc2:amd64 1.8.7-1ubuntu5
2023-11-03 11:48:21 status half-installed libip4tc2:amd64 1.8.7-1ubuntu5
2023-11-03 11:48:21 status unpacked libip4tc2:amd64 1.8.7-1ubuntu5.1
2023-11-03 11:48:21 upgrade libapt-pkg6.0:amd64 2.4.9 2.4.10
2023-11-03 11:48:21 status half-configured libapt-pkg6.0:amd64 2.4.9
2023-11-03 11:48:21 status unpacked libapt-pkg6.0:amd64 2.4.9
2023-11-03 11:48:21 status half-installed libapt-pkg6.0:amd64 2.4.9
2023-11-03 11:48:21 status unpacked libapt-pkg6.0:amd64 2.4.10
2023-11-03 11:48:21 startup packages configure
2023-11-03 11:48:21 configure libapt-pkg6.0:amd64 2.4.10 <none>
2023-11-03 11:48:21 status unpacked libapt-pkg6.0:amd64 2.4.10
2023-11-03 11:48:21 status half-configured libapt-pkg6.0:amd64 2.4.10
2023-11-03 11:48:21 status installed libapt-pkg6.0:amd64 2.4.10
2023-11-03 11:48:21 startup archives unpack
2023-11-03 11:48:21 upgrade dpkg:amd64 1.21.1ubuntu2.1 1.21.1ubuntu2.2
2023-11-03 11:48:21 status half-configured dpkg:amd64 1.21.1ubuntu2.1
2023-11-03 11:48:21 status unpacked dpkg:amd64 1.21.1ubuntu2.1
2023-11-03 11:48:21 status half-installed dpkg:amd64 1.21.1ubuntu2.1
2023-11-03 11:48:22 status unpacked dpkg:amd64 1.21.1ubuntu2.2
2023-11-03 11:48:22 startup packages configure
2023-11-03 11:48:22 configure dpkg:amd64 1.21.1ubuntu2.2 <none>
2023-11-03 11:48:22 status unpacked dpkg:amd64 1.21.1ubuntu2.2
2023-11-03 11:48:22 status half-configured dpkg:amd64 1.21.1ubuntu2.2
2023-11-03 11:48:22 status installed dpkg:amd64 1.21.1ubuntu2.2
2023-11-03 11:48:22 startup archives unpack
2023-11-03 11:48:22 upgrade apt:amd64 2.4.9 2.4.10
2023-11-03 11:48:22 status half-configured apt:amd64 2.4.9
2023-11-03 11:48:22 status unpacked apt:amd64 2.4.9
2023-11-03 11:48:22 status half-installed apt:amd64 2.4.9
2023-11-03 11:48:22 status unpacked apt:amd64 2.4.10
2023-11-03 11:48:22 startup packages configure
2023-11-03 11:48:22 configure apt:amd64 2.4.10 <none>
2023-11-03 11:48:22 status unpacked apt:amd64 2.4.10
2023-11-03 11:48:22 status half-configured apt:amd64 2.4.10
2023-11-03 11:48:23 status installed apt:amd64 2.4.10
2023-11-03 11:48:23 startup archives unpack
2023-11-03 11:48:23 upgrade apt-utils:amd64 2.4.9 2.4.10
2023-11-03 11:48:23 status half-configured apt-utils:amd64 2.4.9
2023-11-03 11:48:23 status unpacked apt-utils:amd64 2.4.9
2023-11-03 11:48:23 status half-installed apt-utils:amd64 2.4.9
2023-11-03 11:48:23 status unpacked apt-utils:amd64 2.4.10
2023-11-03 11:48:23 upgrade irqbalance:amd64 1.8.0-1build1 1.8.0-1ubuntu0.1
2023-11-03 11:48:23 status half-configured irqbalance:amd64 1.8.0-1build1
2023-11-03 11:48:23 status unpacked irqbalance:amd64 1.8.0-1build1
2023-11-03 11:48:23 status half-installed irqbalance:amd64 1.8.0-1build1
2023-11-03 11:48:23 status unpacked irqbalance:amd64 1.8.0-1ubuntu0.1
2023-11-03 11:48:23 upgrade libk5crypto3:amd64 1.19.2-2ubuntu0.1 1.19.2-2ubuntu0.2
2023-11-03 11:48:23 status half-configured libk5crypto3:amd64 1.19.2-2ubuntu0.1
2023-11-03 11:48:23 status unpacked libk5crypto3:amd64 1.19.2-2ubuntu0.1
2023-11-03 11:48:23 status half-installed libk5crypto3:amd64 1.19.2-2ubuntu0.1
2023-11-03 11:48:23 status unpacked libk5crypto3:amd64 1.19.2-2ubuntu0.2
2023-11-03 11:48:23 startup packages configure
2023-11-03 11:48:23 configure libk5crypto3:amd64 1.19.2-2ubuntu0.2 <none>
2023-11-03 11:48:23 status unpacked libk5crypto3:amd64 1.19.2-2ubuntu0.2
2023-11-03 11:48:23 status half-configured libk5crypto3:amd64 1.19.2-2ubuntu0.2
2023-11-03 11:48:23 status installed libk5crypto3:amd64 1.19.2-2ubuntu0.2
2023-11-03 11:48:23 startup archives unpack
2023-11-03 11:48:23 upgrade libkrb5support0:amd64 1.19.2-2ubuntu0.1 1.19.2-2ubuntu0.2
2023-11-03 11:48:23 status half-configured libkrb5support0:amd64 1.19.2-2ubuntu0.1
2023-11-03 11:48:23 status unpacked libkrb5support0:amd64 1.19.2-2ubuntu0.1
2023-11-03 11:48:23 status half-installed libkrb5support0:amd64 1.19.2-2ubuntu0.1
2023-11-03 11:48:23 status unpacked libkrb5support0:amd64 1.19.2-2ubuntu0.2
2023-11-03 11:48:23 startup packages configure
2023-11-03 11:48:23 configure libkrb5support0:amd64 1.19.2-2ubuntu0.2 <none>
2023-11-03 11:48:23 status unpacked libkrb5support0:amd64 1.19.2-2ubuntu0.2
2023-11-03 11:48:23 status half-configured libkrb5support0:amd64 1.19.2-2ubuntu0.2
2023-11-03 11:48:23 status installed libkrb5support0:amd64 1.19.2-2ubuntu0.2
2023-11-03 11:48:23 startup archives unpack
2023-11-03 11:48:23 upgrade libkrb5-3:amd64 1.19.2-2ubuntu0.1 1.19.2-2ubuntu0.2
2023-11-03 11:48:23 status half-configured libkrb5-3:amd64 1.19.2-2ubuntu0.1
2023-11-03 11:48:23 status unpacked libkrb5-3:amd64 1.19.2-2ubuntu0.1
2023-11-03 11:48:23 status half-installed libkrb5-3:amd64 1.19.2-2ubuntu0.1
2023-11-03 11:48:23 status unpacked libkrb5-3:amd64 1.19.2-2ubuntu0.2
2023-11-03 11:48:23 startup packages configure
2023-11-03 11:48:23 configure libkrb5-3:amd64 1.19.2-2ubuntu0.2 <none>
2023-11-03 11:48:23 status unpacked libkrb5-3:amd64 1.19.2-2ubuntu0.2
2023-11-03 11:48:23 status half-configured libkrb5-3:amd64 1.19.2-2ubuntu0.2
2023-11-03 11:48:23 status installed libkrb5-3:amd64 1.19.2-2ubuntu0.2
2023-11-03 11:48:23 startup archives unpack
2023-11-03 11:48:23 upgrade libgssapi-krb5-2:amd64 1.19.2-2ubuntu0.1 1.19.2-2ubuntu0.2
2023-11-03 11:48:23 status half-configured libgssapi-krb5-2:amd64 1.19.2-2ubuntu0.1
2023-11-03 11:48:23 status unpacked libgssapi-krb5-2:amd64 1.19.2-2ubuntu0.1
2023-11-03 11:48:23 status half-installed libgssapi-krb5-2:amd64 1.19.2-2ubuntu0.1
2023-11-03 11:48:23 status unpacked libgssapi-krb5-2:amd64 1.19.2-2ubuntu0.2
2023-11-03 11:48:23 startup packages configure
2023-11-03 11:48:23 configure libgssapi-krb5-2:amd64 1.19.2-2ubuntu0.2 <none>
2023-11-03 11:48:23 status unpacked libgssapi-krb5-2:amd64 1.19.2-2ubuntu0.2
2023-11-03 11:48:23 status half-configured libgssapi-krb5-2:amd64 1.19.2-2ubuntu0.2
2023-11-03 11:48:23 status installed libgssapi-krb5-2:amd64 1.19.2-2ubuntu0.2
2023-11-03 11:48:23 startup archives unpack
2023-11-03 11:48:23 upgrade distro-info-data:all 0.52ubuntu0.3 0.52ubuntu0.5
2023-11-03 11:48:23 status half-configured distro-info-data:all 0.52ubuntu0.3
2023-11-03 11:48:23 status unpacked distro-info-data:all 0.52ubuntu0.3
2023-11-03 11:48:23 status half-installed distro-info-data:all 0.52ubuntu0.3
2023-11-03 11:48:23 status unpacked distro-info-data:all 0.52ubuntu0.5
2023-11-03 11:48:23 upgrade distro-info:amd64 1.1build1 1.1ubuntu0.1
2023-11-03 11:48:23 status half-configured distro-info:amd64 1.1build1
2023-11-03 11:48:23 status unpacked distro-info:amd64 1.1build1
2023-11-03 11:48:23 status half-installed distro-info:amd64 1.1build1
2023-11-03 11:48:23 status unpacked distro-info:amd64 1.1ubuntu0.1
2023-11-03 11:48:23 upgrade netplan.io:amd64 0.105-0ubuntu2~22.04.3 0.106.1-7ubuntu0.22.04.2
2023-11-03 11:48:23 status half-configured netplan.io:amd64 0.105-0ubuntu2~22.04.3
2023-11-03 11:48:23 status unpacked netplan.io:amd64 0.105-0ubuntu2~22.04.3
2023-11-03 11:48:23 status half-installed netplan.io:amd64 0.105-0ubuntu2~22.04.3
2023-11-03 11:48:23 status unpacked netplan.io:amd64 0.106.1-7ubuntu0.22.04.2
2023-11-03 11:48:23 upgrade libnetplan0:amd64 0.105-0ubuntu2~22.04.3 0.106.1-7ubuntu0.22.04.2
2023-11-03 11:48:23 status half-configured libnetplan0:amd64 0.105-0ubuntu2~22.04.3
2023-11-03 11:48:23 status unpacked libnetplan0:amd64 0.105-0ubuntu2~22.04.3
2023-11-03 11:48:23 status half-installed libnetplan0:amd64 0.105-0ubuntu2~22.04.3
2023-11-03 11:48:23 status unpacked libnetplan0:amd64 0.106.1-7ubuntu0.22.04.2
2023-11-03 11:48:23 upgrade python-apt-common:all 2.4.0ubuntu1 2.4.0ubuntu2
2023-11-03 11:48:23 status half-configured python-apt-common:all 2.4.0ubuntu1
2023-11-03 11:48:23 status unpacked python-apt-common:all 2.4.0ubuntu1
2023-11-03 11:48:23 status half-installed python-apt-common:all 2.4.0ubuntu1
2023-11-03 11:48:23 status unpacked python-apt-common:all 2.4.0ubuntu2
2023-11-03 11:48:23 upgrade python3-apt:amd64 2.4.0ubuntu1 2.4.0ubuntu2
2023-11-03 11:48:23 status half-configured python3-apt:amd64 2.4.0ubuntu1
2023-11-03 11:48:23 status unpacked python3-apt:amd64 2.4.0ubuntu1
2023-11-03 11:48:23 status half-installed python3-apt:amd64 2.4.0ubuntu1
2023-11-03 11:48:23 status unpacked python3-apt:amd64 2.4.0ubuntu2
2023-11-03 11:48:24 upgrade tzdata:all 2023c-0ubuntu0.22.04.1 2023c-0ubuntu0.22.04.2
2023-11-03 11:48:24 status half-configured tzdata:all 2023c-0ubuntu0.22.04.1
2023-11-03 11:48:24 status unpacked tzdata:all 2023c-0ubuntu0.22.04.1
2023-11-03 11:48:24 status half-installed tzdata:all 2023c-0ubuntu0.22.04.1
2023-11-03 11:48:24 status unpacked tzdata:all 2023c-0ubuntu0.22.04.2
2023-11-03 11:48:24 upgrade ubuntu-advantage-tools:amd64 27.14.4~22.04 29.4~22.04
2023-11-03 11:48:24 status half-configured ubuntu-advantage-tools:amd64 27.14.4~22.04
2023-11-03 11:48:24 status unpacked ubuntu-advantage-tools:amd64 27.14.4~22.04
2023-11-03 11:48:24 status half-installed ubuntu-advantage-tools:amd64 27.14.4~22.04
2023-11-03 11:48:24 status unpacked ubuntu-advantage-tools:amd64 29.4~22.04
2023-11-03 11:48:24 upgrade ubuntu-minimal:amd64 1.481 1.481.1
2023-11-03 11:48:24 status half-configured ubuntu-minimal:amd64 1.481
2023-11-03 11:48:24 status unpacked ubuntu-minimal:amd64 1.481
2023-11-03 11:48:24 status half-installed ubuntu-minimal:amd64 1.481
2023-11-03 11:48:24 status unpacked ubuntu-minimal:amd64 1.481.1
2023-11-03 11:48:24 upgrade bind9-host:amd64 1:9.18.12-0ubuntu0.22.04.3 1:9.18.18-0ubuntu0.22.04.1
2023-11-03 11:48:24 status half-configured bind9-host:amd64 1:9.18.12-0ubuntu0.22.04.3
2023-11-03 11:48:24 status unpacked bind9-host:amd64 1:9.18.12-0ubuntu0.22.04.3
2023-11-03 11:48:24 status half-installed bind9-host:amd64 1:9.18.12-0ubuntu0.22.04.3
2023-11-03 11:48:24 status unpacked bind9-host:amd64 1:9.18.18-0ubuntu0.22.04.1
2023-11-03 11:48:24 upgrade bind9-dnsutils:amd64 1:9.18.12-0ubuntu0.22.04.3 1:9.18.18-0ubuntu0.22.04.1
2023-11-03 11:48:24 status half-configured bind9-dnsutils:amd64 1:9.18.12-0ubuntu0.22.04.3
2023-11-03 11:48:24 status unpacked bind9-dnsutils:amd64 1:9.18.12-0ubuntu0.22.04.3
2023-11-03 11:48:24 status half-installed bind9-dnsutils:amd64 1:9.18.12-0ubuntu0.22.04.3
2023-11-03 11:48:24 status unpacked bind9-dnsutils:amd64 1:9.18.18-0ubuntu0.22.04.1
2023-11-03 11:48:24 upgrade bind9-libs:amd64 1:9.18.12-0ubuntu0.22.04.3 1:9.18.18-0ubuntu0.22.04.1
2023-11-03 11:48:24 status half-configured bind9-libs:amd64 1:9.18.12-0ubuntu0.22.04.3
2023-11-03 11:48:24 status unpacked bind9-libs:amd64 1:9.18.12-0ubuntu0.22.04.3
2023-11-03 11:48:24 status half-installed bind9-libs:amd64 1:9.18.12-0ubuntu0.22.04.3
2023-11-03 11:48:24 status unpacked bind9-libs:amd64 1:9.18.18-0ubuntu0.22.04.1
2023-11-03 11:48:24 upgrade git-man:all 1:2.34.1-1ubuntu1.9 1:2.34.1-1ubuntu1.10
2023-11-03 11:48:24 status half-configured git-man:all 1:2.34.1-1ubuntu1.9
2023-11-03 11:48:24 status unpacked git-man:all 1:2.34.1-1ubuntu1.9
2023-11-03 11:48:24 status half-installed git-man:all 1:2.34.1-1ubuntu1.9
2023-11-03 11:48:25 status unpacked git-man:all 1:2.34.1-1ubuntu1.10
2023-11-03 11:48:25 upgrade git:amd64 1:2.34.1-1ubuntu1.9 1:2.34.1-1ubuntu1.10
2023-11-03 11:48:25 status half-configured git:amd64 1:2.34.1-1ubuntu1.9
2023-11-03 11:48:25 status unpacked git:amd64 1:2.34.1-1ubuntu1.9
2023-11-03 11:48:25 status half-installed git:amd64 1:2.34.1-1ubuntu1.9
2023-11-03 11:48:25 status unpacked git:amd64 1:2.34.1-1ubuntu1.10
2023-11-03 11:48:25 upgrade openssh-client:amd64 1:8.9p1-3ubuntu0.3 1:8.9p1-3ubuntu0.4
2023-11-03 11:48:25 status half-configured openssh-client:amd64 1:8.9p1-3ubuntu0.3
2023-11-03 11:48:25 status unpacked openssh-client:amd64 1:8.9p1-3ubuntu0.3
2023-11-03 11:48:25 status half-installed openssh-client:amd64 1:8.9p1-3ubuntu0.3
2023-11-03 11:48:25 status unpacked openssh-client:amd64 1:8.9p1-3ubuntu0.4
2023-11-03 11:48:25 upgrade python3-distro-info:all 1.1build1 1.1ubuntu0.1
2023-11-03 11:48:25 status half-configured python3-distro-info:all 1.1build1
2023-11-03 11:48:25 status unpacked python3-distro-info:all 1.1build1
2023-11-03 11:48:25 status half-installed python3-distro-info:all 1.1build1
2023-11-03 11:48:25 status unpacked python3-distro-info:all 1.1ubuntu0.1
2023-11-03 11:48:25 upgrade ubuntu-release-upgrader-core:all 1:22.04.16 1:22.04.17
2023-11-03 11:48:25 status half-configured ubuntu-release-upgrader-core:all 1:22.04.16
2023-11-03 11:48:25 status unpacked ubuntu-release-upgrader-core:all 1:22.04.16
2023-11-03 11:48:25 status half-installed ubuntu-release-upgrader-core:all 1:22.04.16
2023-11-03 11:48:25 status unpacked ubuntu-release-upgrader-core:all 1:22.04.17
2023-11-03 11:48:25 upgrade python3-distupgrade:all 1:22.04.16 1:22.04.17
2023-11-03 11:48:25 status half-configured python3-distupgrade:all 1:22.04.16
2023-11-03 11:48:25 status unpacked python3-distupgrade:all 1:22.04.16
2023-11-03 11:48:25 status half-installed python3-distupgrade:all 1:22.04.16
2023-11-03 11:48:25 status unpacked python3-distupgrade:all 1:22.04.17
2023-11-03 11:48:25 upgrade ubuntu-standard:amd64 1.481 1.481.1
2023-11-03 11:48:25 status half-configured ubuntu-standard:amd64 1.481
2023-11-03 11:48:25 status unpacked ubuntu-standard:amd64 1.481
2023-11-03 11:48:25 status half-installed ubuntu-standard:amd64 1.481
2023-11-03 11:48:25 status unpacked ubuntu-standard:amd64 1.481.1
2023-11-03 11:48:25 upgrade ufw:all 0.36.1-4build1 0.36.1-4ubuntu0.1
2023-11-03 11:48:25 status half-configured ufw:all 0.36.1-4build1
2023-11-03 11:48:25 status unpacked ufw:all 0.36.1-4build1
2023-11-03 11:48:25 status half-installed ufw:all 0.36.1-4build1
2023-11-03 11:48:25 status triggers-pending rsyslog:amd64 8.2112.0-2ubuntu2.2
2023-11-03 11:48:25 status unpacked ufw:all 0.36.1-4ubuntu0.1
2023-11-03 11:48:25 upgrade python3-problem-report:all 2.20.11-0ubuntu82.4 2.20.11-0ubuntu82.5
2023-11-03 11:48:25 status half-configured python3-problem-report:all 2.20.11-0ubuntu82.4
2023-11-03 11:48:26 status unpacked python3-problem-report:all 2.20.11-0ubuntu82.4
2023-11-03 11:48:26 status half-installed python3-problem-report:all 2.20.11-0ubuntu82.4
2023-11-03 11:48:26 status unpacked python3-problem-report:all 2.20.11-0ubuntu82.5
2023-11-03 11:48:26 upgrade python3-apport:all 2.20.11-0ubuntu82.4 2.20.11-0ubuntu82.5
2023-11-03 11:48:26 status half-configured python3-apport:all 2.20.11-0ubuntu82.4
2023-11-03 11:48:26 status unpacked python3-apport:all 2.20.11-0ubuntu82.4
2023-11-03 11:48:26 status half-installed python3-apport:all 2.20.11-0ubuntu82.4
2023-11-03 11:48:26 status unpacked python3-apport:all 2.20.11-0ubuntu82.5
2023-11-03 11:48:26 upgrade apport:all 2.20.11-0ubuntu82.4 2.20.11-0ubuntu82.5
2023-11-03 11:48:26 status half-configured apport:all 2.20.11-0ubuntu82.4
2023-11-03 11:48:26 status unpacked apport:all 2.20.11-0ubuntu82.4
2023-11-03 11:48:26 status half-installed apport:all 2.20.11-0ubuntu82.4
2023-11-03 11:48:26 status unpacked apport:all 2.20.11-0ubuntu82.5
2023-11-03 11:48:26 upgrade libldap-2.5-0:amd64 2.5.14+dfsg-0ubuntu0.22.04.2 2.5.16+dfsg-0ubuntu0.22.04.1
2023-11-03 11:48:26 status half-configured libldap-2.5-0:amd64 2.5.14+dfsg-0ubuntu0.22.04.2
2023-11-03 11:48:26 status unpacked libldap-2.5-0:amd64 2.5.14+dfsg-0ubuntu0.22.04.2
2023-11-03 11:48:26 status half-installed libldap-2.5-0:amd64 2.5.14+dfsg-0ubuntu0.22.04.2
2023-11-03 11:48:26 status unpacked libldap-2.5-0:amd64 2.5.16+dfsg-0ubuntu0.22.04.1
2023-11-03 11:48:26 upgrade libldap-common:all 2.5.14+dfsg-0ubuntu0.22.04.2 2.5.16+dfsg-0ubuntu0.22.04.1
2023-11-03 11:48:26 status half-configured libldap-common:all 2.5.14+dfsg-0ubuntu0.22.04.2
2023-11-03 11:48:26 status unpacked libldap-common:all 2.5.14+dfsg-0ubuntu0.22.04.2
2023-11-03 11:48:26 status half-installed libldap-common:all 2.5.14+dfsg-0ubuntu0.22.04.2
2023-11-03 11:48:26 status unpacked libldap-common:all 2.5.16+dfsg-0ubuntu0.22.04.1
2023-11-03 11:48:26 upgrade libunwind8:amd64 1.3.2-2build2 1.3.2-2build2.1
2023-11-03 11:48:26 status half-configured libunwind8:amd64 1.3.2-2build2
2023-11-03 11:48:26 status unpacked libunwind8:amd64 1.3.2-2build2
2023-11-03 11:48:26 status half-installed libunwind8:amd64 1.3.2-2build2
2023-11-03 11:48:26 status unpacked libunwind8:amd64 1.3.2-2build2.1
2023-11-03 11:48:26 upgrade software-properties-common:all 0.99.22.6 0.99.22.7
2023-11-03 11:48:26 status half-configured software-properties-common:all 0.99.22.6
2023-11-03 11:48:26 status unpacked software-properties-common:all 0.99.22.6
2023-11-03 11:48:26 status half-installed software-properties-common:all 0.99.22.6
2023-11-03 11:48:26 status triggers-pending dbus:amd64 1.12.20-2ubuntu4.1
2023-11-03 11:48:26 status unpacked software-properties-common:all 0.99.22.7
2023-11-03 11:48:26 upgrade python3-software-properties:all 0.99.22.6 0.99.22.7
2023-11-03 11:48:26 status half-configured python3-software-properties:all 0.99.22.6
2023-11-03 11:48:26 status unpacked python3-software-properties:all 0.99.22.6
2023-11-03 11:48:26 status half-installed python3-software-properties:all 0.99.22.6
2023-11-03 11:48:26 status unpacked python3-software-properties:all 0.99.22.7
2023-11-03 11:48:26 upgrade ubuntu-wsl:amd64 1.481 1.481.1
2023-11-03 11:48:26 status half-configured ubuntu-wsl:amd64 1.481
2023-11-03 11:48:26 status unpacked ubuntu-wsl:amd64 1.481
2023-11-03 11:48:26 status half-installed ubuntu-wsl:amd64 1.481
2023-11-03 11:48:26 status unpacked ubuntu-wsl:amd64 1.481.1
2023-11-03 11:48:26 startup packages configure
2023-11-03 11:48:26 configure libip4tc2:amd64 1.8.7-1ubuntu5.1 <none>
2023-11-03 11:48:26 status unpacked libip4tc2:amd64 1.8.7-1ubuntu5.1
2023-11-03 11:48:26 status half-configured libip4tc2:amd64 1.8.7-1ubuntu5.1
2023-11-03 11:48:26 status installed libip4tc2:amd64 1.8.7-1ubuntu5.1
2023-11-03 11:48:26 configure motd-news-config:all 12ubuntu4.4 <none>
2023-11-03 11:48:26 status unpacked motd-news-config:all 12ubuntu4.4
2023-11-03 11:48:26 status half-configured motd-news-config:all 12ubuntu4.4
2023-11-03 11:48:26 status installed motd-news-config:all 12ubuntu4.4
2023-11-03 11:48:26 configure apt-utils:amd64 2.4.10 <none>
2023-11-03 11:48:26 status unpacked apt-utils:amd64 2.4.10
2023-11-03 11:48:26 status half-configured apt-utils:amd64 2.4.10
2023-11-03 11:48:26 status installed apt-utils:amd64 2.4.10
2023-11-03 11:48:26 configure irqbalance:amd64 1.8.0-1ubuntu0.1 <none>
2023-11-03 11:48:26 status unpacked irqbalance:amd64 1.8.0-1ubuntu0.1
2023-11-03 11:48:26 status half-configured irqbalance:amd64 1.8.0-1ubuntu0.1
2023-11-03 11:48:27 status installed irqbalance:amd64 1.8.0-1ubuntu0.1
2023-11-03 11:48:27 configure bind9-libs:amd64 1:9.18.18-0ubuntu0.22.04.1 <none>
2023-11-03 11:48:27 status unpacked bind9-libs:amd64 1:9.18.18-0ubuntu0.22.04.1
2023-11-03 11:48:27 status half-configured bind9-libs:amd64 1:9.18.18-0ubuntu0.22.04.1
2023-11-03 11:48:27 status installed bind9-libs:amd64 1:9.18.18-0ubuntu0.22.04.1
2023-11-03 11:48:27 configure python3-problem-report:all 2.20.11-0ubuntu82.5 <none>
2023-11-03 11:48:27 status unpacked python3-problem-report:all 2.20.11-0ubuntu82.5
2023-11-03 11:48:27 status half-configured python3-problem-report:all 2.20.11-0ubuntu82.5
2023-11-03 11:48:27 status installed python3-problem-report:all 2.20.11-0ubuntu82.5
2023-11-03 11:48:27 configure libip6tc2:amd64 1.8.7-1ubuntu5.1 <none>
2023-11-03 11:48:27 status unpacked libip6tc2:amd64 1.8.7-1ubuntu5.1
2023-11-03 11:48:27 status half-configured libip6tc2:amd64 1.8.7-1ubuntu5.1
2023-11-03 11:48:27 status installed libip6tc2:amd64 1.8.7-1ubuntu5.1
2023-11-03 11:48:27 configure distro-info-data:all 0.52ubuntu0.5 <none>
2023-11-03 11:48:27 status unpacked distro-info-data:all 0.52ubuntu0.5
2023-11-03 11:48:27 status half-configured distro-info-data:all 0.52ubuntu0.5
2023-11-03 11:48:27 status installed distro-info-data:all 0.52ubuntu0.5
2023-11-03 11:48:27 configure openssh-client:amd64 1:8.9p1-3ubuntu0.4 <none>
2023-11-03 11:48:27 status unpacked openssh-client:amd64 1:8.9p1-3ubuntu0.4
2023-11-03 11:48:27 status half-configured openssh-client:amd64 1:8.9p1-3ubuntu0.4
2023-11-03 11:48:27 status installed openssh-client:amd64 1:8.9p1-3ubuntu0.4
2023-11-03 11:48:27 configure libnetplan0:amd64 0.106.1-7ubuntu0.22.04.2 <none>
2023-11-03 11:48:27 status unpacked libnetplan0:amd64 0.106.1-7ubuntu0.22.04.2
2023-11-03 11:48:27 status half-configured libnetplan0:amd64 0.106.1-7ubuntu0.22.04.2
2023-11-03 11:48:27 status installed libnetplan0:amd64 0.106.1-7ubuntu0.22.04.2
2023-11-03 11:48:27 configure systemd:amd64 249.11-0ubuntu3.11 <none>
2023-11-03 11:48:27 status unpacked systemd:amd64 249.11-0ubuntu3.11
2023-11-03 11:48:27 status half-configured systemd:amd64 249.11-0ubuntu3.11
2023-11-03 11:48:27 status installed systemd:amd64 249.11-0ubuntu3.11
2023-11-03 11:48:27 configure libldap-common:all 2.5.16+dfsg-0ubuntu0.22.04.1 <none>
2023-11-03 11:48:27 status unpacked libldap-common:all 2.5.16+dfsg-0ubuntu0.22.04.1
2023-11-03 11:48:27 status half-configured libldap-common:all 2.5.16+dfsg-0ubuntu0.22.04.1
2023-11-03 11:48:27 status installed libldap-common:all 2.5.16+dfsg-0ubuntu0.22.04.1
2023-11-03 11:48:27 configure libunwind8:amd64 1.3.2-2build2.1 <none>
2023-11-03 11:48:27 status unpacked libunwind8:amd64 1.3.2-2build2.1
2023-11-03 11:48:27 status half-configured libunwind8:amd64 1.3.2-2build2.1
2023-11-03 11:48:27 status installed libunwind8:amd64 1.3.2-2build2.1
2023-11-03 11:48:27 configure libldap-2.5-0:amd64 2.5.16+dfsg-0ubuntu0.22.04.1 <none>
2023-11-03 11:48:27 status unpacked libldap-2.5-0:amd64 2.5.16+dfsg-0ubuntu0.22.04.1
2023-11-03 11:48:27 status half-configured libldap-2.5-0:amd64 2.5.16+dfsg-0ubuntu0.22.04.1
2023-11-03 11:48:27 status installed libldap-2.5-0:amd64 2.5.16+dfsg-0ubuntu0.22.04.1
2023-11-03 11:48:27 configure netplan.io:amd64 0.106.1-7ubuntu0.22.04.2 <none>
2023-11-03 11:48:27 status unpacked netplan.io:amd64 0.106.1-7ubuntu0.22.04.2
2023-11-03 11:48:27 status half-configured netplan.io:amd64 0.106.1-7ubuntu0.22.04.2
2023-11-03 11:48:27 status installed netplan.io:amd64 0.106.1-7ubuntu0.22.04.2
2023-11-03 11:48:27 configure tzdata:all 2023c-0ubuntu0.22.04.2 <none>
2023-11-03 11:48:27 status unpacked tzdata:all 2023c-0ubuntu0.22.04.2
2023-11-03 11:48:27 status half-configured tzdata:all 2023c-0ubuntu0.22.04.2
2023-11-03 11:48:28 status installed tzdata:all 2023c-0ubuntu0.22.04.2
2023-11-03 11:48:28 configure systemd-timesyncd:amd64 249.11-0ubuntu3.11 <none>
2023-11-03 11:48:28 status unpacked systemd-timesyncd:amd64 249.11-0ubuntu3.11
2023-11-03 11:48:28 status half-configured systemd-timesyncd:amd64 249.11-0ubuntu3.11
2023-11-03 11:48:28 status installed systemd-timesyncd:amd64 249.11-0ubuntu3.11
2023-11-03 11:48:28 configure udev:amd64 249.11-0ubuntu3.11 <none>
2023-11-03 11:48:28 status unpacked udev:amd64 249.11-0ubuntu3.11
2023-11-03 11:48:28 status half-configured udev:amd64 249.11-0ubuntu3.11
2023-11-03 11:48:29 status installed udev:amd64 249.11-0ubuntu3.11
2023-11-03 11:48:29 configure libxtables12:amd64 1.8.7-1ubuntu5.1 <none>
2023-11-03 11:48:29 status unpacked libxtables12:amd64 1.8.7-1ubuntu5.1
2023-11-03 11:48:29 status half-configured libxtables12:amd64 1.8.7-1ubuntu5.1
2023-11-03 11:48:29 status installed libxtables12:amd64 1.8.7-1ubuntu5.1
2023-11-03 11:48:29 configure python-apt-common:all 2.4.0ubuntu2 <none>
2023-11-03 11:48:29 status unpacked python-apt-common:all 2.4.0ubuntu2
2023-11-03 11:48:29 status half-configured python-apt-common:all 2.4.0ubuntu2
2023-11-03 11:48:29 status installed python-apt-common:all 2.4.0ubuntu2
2023-11-03 11:48:29 configure git-man:all 1:2.34.1-1ubuntu1.10 <none>
2023-11-03 11:48:29 status unpacked git-man:all 1:2.34.1-1ubuntu1.10
2023-11-03 11:48:29 status half-configured git-man:all 1:2.34.1-1ubuntu1.10
2023-11-03 11:48:29 status installed git-man:all 1:2.34.1-1ubuntu1.10
2023-11-03 11:48:29 configure bind9-host:amd64 1:9.18.18-0ubuntu0.22.04.1 <none>
2023-11-03 11:48:29 status unpacked bind9-host:amd64 1:9.18.18-0ubuntu0.22.04.1
2023-11-03 11:48:29 status half-configured bind9-host:amd64 1:9.18.18-0ubuntu0.22.04.1
2023-11-03 11:48:29 status installed bind9-host:amd64 1:9.18.18-0ubuntu0.22.04.1
2023-11-03 11:48:29 configure python3-distro-info:all 1.1ubuntu0.1 <none>
2023-11-03 11:48:29 status unpacked python3-distro-info:all 1.1ubuntu0.1
2023-11-03 11:48:29 status half-configured python3-distro-info:all 1.1ubuntu0.1
2023-11-03 11:48:29 status installed python3-distro-info:all 1.1ubuntu0.1
2023-11-03 11:48:29 configure distro-info:amd64 1.1ubuntu0.1 <none>
2023-11-03 11:48:29 status unpacked distro-info:amd64 1.1ubuntu0.1
2023-11-03 11:48:29 status half-configured distro-info:amd64 1.1ubuntu0.1
2023-11-03 11:48:29 status installed distro-info:amd64 1.1ubuntu0.1
2023-11-03 11:48:29 configure systemd-sysv:amd64 249.11-0ubuntu3.11 <none>
2023-11-03 11:48:29 status unpacked systemd-sysv:amd64 249.11-0ubuntu3.11
2023-11-03 11:48:29 status half-configured systemd-sysv:amd64 249.11-0ubuntu3.11
2023-11-03 11:48:29 status installed systemd-sysv:amd64 249.11-0ubuntu3.11
2023-11-03 11:48:29 configure iptables:amd64 1.8.7-1ubuntu5.1 <none>
2023-11-03 11:48:29 status unpacked iptables:amd64 1.8.7-1ubuntu5.1
2023-11-03 11:48:29 status half-configured iptables:amd64 1.8.7-1ubuntu5.1
2023-11-03 11:48:29 status installed iptables:amd64 1.8.7-1ubuntu5.1
2023-11-03 11:48:29 configure python3-apt:amd64 2.4.0ubuntu2 <none>
2023-11-03 11:48:29 status unpacked python3-apt:amd64 2.4.0ubuntu2
2023-11-03 11:48:29 status half-configured python3-apt:amd64 2.4.0ubuntu2
2023-11-03 11:48:29 status installed python3-apt:amd64 2.4.0ubuntu2
2023-11-03 11:48:29 configure libnss-systemd:amd64 249.11-0ubuntu3.11 <none>
2023-11-03 11:48:29 status unpacked libnss-systemd:amd64 249.11-0ubuntu3.11
2023-11-03 11:48:29 status half-configured libnss-systemd:amd64 249.11-0ubuntu3.11
2023-11-03 11:48:29 status installed libnss-systemd:amd64 249.11-0ubuntu3.11
2023-11-03 11:48:29 configure ufw:all 0.36.1-4ubuntu0.1 <none>
2023-11-03 11:48:29 status unpacked ufw:all 0.36.1-4ubuntu0.1
2023-11-03 11:48:29 status half-configured ufw:all 0.36.1-4ubuntu0.1
2023-11-03 11:48:30 status installed ufw:all 0.36.1-4ubuntu0.1
2023-11-03 11:48:30 configure python3-distupgrade:all 1:22.04.17 <none>
2023-11-03 11:48:30 status unpacked python3-distupgrade:all 1:22.04.17
2023-11-03 11:48:30 status half-configured python3-distupgrade:all 1:22.04.17
2023-11-03 11:48:30 status installed python3-distupgrade:all 1:22.04.17
2023-11-03 11:48:30 configure python3-apport:all 2.20.11-0ubuntu82.5 <none>
2023-11-03 11:48:30 status unpacked python3-apport:all 2.20.11-0ubuntu82.5
2023-11-03 11:48:30 status half-configured python3-apport:all 2.20.11-0ubuntu82.5
2023-11-03 11:48:30 status installed python3-apport:all 2.20.11-0ubuntu82.5
2023-11-03 11:48:30 configure python3-software-properties:all 0.99.22.7 <none>
2023-11-03 11:48:30 status unpacked python3-software-properties:all 0.99.22.7
2023-11-03 11:48:30 status half-configured python3-software-properties:all 0.99.22.7
2023-11-03 11:48:30 status installed python3-software-properties:all 0.99.22.7
2023-11-03 11:48:30 configure ubuntu-release-upgrader-core:all 1:22.04.17 <none>
2023-11-03 11:48:30 status unpacked ubuntu-release-upgrader-core:all 1:22.04.17
2023-11-03 11:48:30 status half-configured ubuntu-release-upgrader-core:all 1:22.04.17
2023-11-03 11:48:30 status installed ubuntu-release-upgrader-core:all 1:22.04.17
2023-11-03 11:48:30 configure git:amd64 1:2.34.1-1ubuntu1.10 <none>
2023-11-03 11:48:30 status unpacked git:amd64 1:2.34.1-1ubuntu1.10
2023-11-03 11:48:30 status half-configured git:amd64 1:2.34.1-1ubuntu1.10
2023-11-03 11:48:30 status installed git:amd64 1:2.34.1-1ubuntu1.10
2023-11-03 11:48:30 configure libpam-systemd:amd64 249.11-0ubuntu3.11 <none>
2023-11-03 11:48:30 status unpacked libpam-systemd:amd64 249.11-0ubuntu3.11
2023-11-03 11:48:30 status half-configured libpam-systemd:amd64 249.11-0ubuntu3.11
2023-11-03 11:48:30 status installed libpam-systemd:amd64 249.11-0ubuntu3.11
2023-11-03 11:48:30 configure ubuntu-advantage-tools:amd64 29.4~22.04 <none>
2023-11-03 11:48:30 status unpacked ubuntu-advantage-tools:amd64 29.4~22.04
2023-11-03 11:48:30 status half-configured ubuntu-advantage-tools:amd64 29.4~22.04
2023-11-03 11:48:32 status installed ubuntu-advantage-tools:amd64 29.4~22.04
2023-11-03 11:48:32 configure bind9-dnsutils:amd64 1:9.18.18-0ubuntu0.22.04.1 <none>
2023-11-03 11:48:32 status unpacked bind9-dnsutils:amd64 1:9.18.18-0ubuntu0.22.04.1
2023-11-03 11:48:32 status half-configured bind9-dnsutils:amd64 1:9.18.18-0ubuntu0.22.04.1
2023-11-03 11:48:32 status installed bind9-dnsutils:amd64 1:9.18.18-0ubuntu0.22.04.1
2023-11-03 11:48:32 configure ubuntu-minimal:amd64 1.481.1 <none>
2023-11-03 11:48:32 status unpacked ubuntu-minimal:amd64 1.481.1
2023-11-03 11:48:32 status half-configured ubuntu-minimal:amd64 1.481.1
2023-11-03 11:48:32 status installed ubuntu-minimal:amd64 1.481.1
2023-11-03 11:48:32 configure ubuntu-standard:amd64 1.481.1 <none>
2023-11-03 11:48:32 status unpacked ubuntu-standard:amd64 1.481.1
2023-11-03 11:48:32 status half-configured ubuntu-standard:amd64 1.481.1
2023-11-03 11:48:32 status installed ubuntu-standard:amd64 1.481.1
2023-11-03 11:48:32 configure software-properties-common:all 0.99.22.7 <none>
2023-11-03 11:48:32 status unpacked software-properties-common:all 0.99.22.7
2023-11-03 11:48:32 status half-configured software-properties-common:all 0.99.22.7
2023-11-03 11:48:32 status installed software-properties-common:all 0.99.22.7
2023-11-03 11:48:32 configure apport:all 2.20.11-0ubuntu82.5 <none>
2023-11-03 11:48:32 status unpacked apport:all 2.20.11-0ubuntu82.5
2023-11-03 11:48:32 status half-configured apport:all 2.20.11-0ubuntu82.5
2023-11-03 11:48:32 status installed apport:all 2.20.11-0ubuntu82.5
2023-11-03 11:48:32 configure ubuntu-wsl:amd64 1.481.1 <none>
2023-11-03 11:48:32 status unpacked ubuntu-wsl:amd64 1.481.1
2023-11-03 11:48:32 status half-configured ubuntu-wsl:amd64 1.481.1
2023-11-03 11:48:32 status installed ubuntu-wsl:amd64 1.481.1
2023-11-03 11:48:32 trigproc rsyslog:amd64 8.2112.0-2ubuntu2.2 <none>
2023-11-03 11:48:32 status half-configured rsyslog:amd64 8.2112.0-2ubuntu2.2
2023-11-03 11:48:32 status installed rsyslog:amd64 8.2112.0-2ubuntu2.2
2023-11-03 11:48:33 trigproc man-db:amd64 2.10.2-1 <none>
2023-11-03 11:48:33 status half-configured man-db:amd64 2.10.2-1
2023-11-03 11:48:33 status installed man-db:amd64 2.10.2-1
2023-11-03 11:48:33 trigproc plymouth-theme-ubuntu-text:amd64 0.9.5+git20211018-1ubuntu3 <none>
2023-11-03 11:48:33 status half-configured plymouth-theme-ubuntu-text:amd64 0.9.5+git20211018-1ubuntu3
2023-11-03 11:48:33 status installed plymouth-theme-ubuntu-text:amd64 0.9.5+git20211018-1ubuntu3
2023-11-03 11:48:33 trigproc dbus:amd64 1.12.20-2ubuntu4.1 <none>
2023-11-03 11:48:33 status half-configured dbus:amd64 1.12.20-2ubuntu4.1
2023-11-03 11:48:33 status installed dbus:amd64 1.12.20-2ubuntu4.1
2023-11-03 11:48:33 trigproc install-info:amd64 6.8-4build1 <none>
2023-11-03 11:48:33 status half-configured install-info:amd64 6.8-4build1
2023-11-03 11:48:33 status installed install-info:amd64 6.8-4build1
2023-11-03 11:48:33 trigproc libc-bin:amd64 2.35-0ubuntu3.4 <none>
2023-11-03 11:48:33 status half-configured libc-bin:amd64 2.35-0ubuntu3.4
2023-11-03 11:48:33 status installed libc-bin:amd64 2.35-0ubuntu3.4
