["2023-11-01T13:01:23.731", "DEBUG", "root", "load_file", 356, "Reading file: /etc/os-release", {}]
["2023-11-01T13:01:23.733", "DEBUG", "root", "load_file", 356, "Reading file: /proc/version_signature", {}]
["2023-11-01T13:01:23.733", "WARNING", "root", "get_kernel_info", 66, "failed to process /proc/version_signature.", {}]
["2023-11-01T13:01:23.733", "WARNING", "root", "get_kernel_info", 71, "Failed to parse kernel: 5.15.90.1-microsoft-standard-WSL2", {}]
["2023-11-01T13:01:23.743", "DEBUG", "root", "load_file", 356, "Reading file: /var/lib/ubuntu-advantage/private/machine-token.json", {}]
["2023-11-01T13:01:23.745", "DEBUG", "uaclient.files.files", "read", 55, "File does not exist: /var/lib/ubuntu-advantage/private/machine-token.json", {}]
["2023-11-01T13:01:23.752", "DEBUG", "root", "load_file", 356, "Reading file: /var/lib/ubuntu-advantage/status.json", {}]
["2023-11-01T13:01:23.755", "DEBUG", "root", "load_file", 356, "Reading file: /var/lib/ubuntu-advantage/private/machine-token.json", {}]
["2023-11-01T13:01:23.755", "DEBUG", "uaclient.files.files", "read", 55, "File does not exist: /var/lib/ubuntu-advantage/private/machine-token.json", {}]
["2023-11-01T13:01:26.506", "DEBUG", "root", "load_file", 356, "Reading file: /run/ubuntu-advantage//aptnews.json", {}]
["2023-11-01T13:01:26.508", "DEBUG", "root", "fetch_and_process_apt_news", 178, "using msg: AptNewsMessage{'begin': datetime.datetime(2023, 10, 6, 0, 0, tzinfo=datetime.timezone.utc), 'end': None, 'selectors': None, 'lines': ['Canonical released microcode updates for both Intel (CVE-2022-40982) and AMD', '(CVE-2023-20593). \u2018Unattended upgrades\u2019 provide security updates by default.', 'Ensure it remains enabled to always get all updates as they become available.']}", {}]
["2023-11-01T13:01:26.509", "DEBUG", "root", "write_file", 382, "Writing file /var/lib/ubuntu-advantage/messages/apt-news atomically via tempfile /var/lib/ubuntu-advantage/messages/tmpwdcvgy_r", {}]
["2023-11-01T21:43:24.884", "DEBUG", "root", "load_file", 356, "Reading file: /etc/os-release", {}]
["2023-11-01T21:43:24.887", "DEBUG", "root", "load_file", 356, "Reading file: /proc/version_signature", {}]
["2023-11-01T21:43:24.887", "WARNING", "root", "get_kernel_info", 66, "failed to process /proc/version_signature.", {}]
["2023-11-01T21:43:24.887", "WARNING", "root", "get_kernel_info", 71, "Failed to parse kernel: 5.15.90.1-microsoft-standard-WSL2", {}]
["2023-11-01T21:43:24.898", "DEBUG", "root", "load_file", 356, "Reading file: /var/lib/ubuntu-advantage/private/machine-token.json", {}]
["2023-11-01T21:43:24.900", "DEBUG", "uaclient.files.files", "read", 55, "File does not exist: /var/lib/ubuntu-advantage/private/machine-token.json", {}]
["2023-11-01T21:43:24.904", "DEBUG", "root", "load_file", 356, "Reading file: /var/lib/ubuntu-advantage/status.json", {}]
["2023-11-01T21:43:24.907", "DEBUG", "root", "load_file", 356, "Reading file: /var/lib/ubuntu-advantage/private/machine-token.json", {}]
["2023-11-01T21:43:24.907", "DEBUG", "uaclient.files.files", "read", 55, "File does not exist: /var/lib/ubuntu-advantage/private/machine-token.json", {}]
["2023-11-01T21:43:43.965", "DEBUG", "root", "load_file", 356, "Reading file: /run/ubuntu-advantage//aptnews.json", {}]
["2023-11-01T21:43:43.967", "DEBUG", "root", "fetch_and_process_apt_news", 178, "using msg: AptNewsMessage{'begin': datetime.datetime(2023, 10, 6, 0, 0, tzinfo=datetime.timezone.utc), 'end': None, 'selectors': None, 'lines': ['Canonical released microcode updates for both Intel (CVE-2022-40982) and AMD', '(CVE-2023-20593). \u2018Unattended upgrades\u2019 provide security updates by default.', 'Ensure it remains enabled to always get all updates as they become available.']}", {}]
["2023-11-01T21:43:43.968", "DEBUG", "root", "write_file", 382, "Writing file /var/lib/ubuntu-advantage/messages/apt-news atomically via tempfile /var/lib/ubuntu-advantage/messages/tmpfu28su6p", {}]
["2023-11-02T12:01:52.742", "DEBUG", "root", "load_file", 356, "Reading file: /etc/os-release", {}]
["2023-11-02T12:01:52.745", "DEBUG", "root", "load_file", 356, "Reading file: /proc/version_signature", {}]
["2023-11-02T12:01:52.745", "WARNING", "root", "get_kernel_info", 66, "failed to process /proc/version_signature.", {}]
["2023-11-02T12:01:52.745", "WARNING", "root", "get_kernel_info", 71, "Failed to parse kernel: 5.15.90.1-microsoft-standard-WSL2", {}]
["2023-11-02T12:01:52.754", "DEBUG", "root", "load_file", 356, "Reading file: /var/lib/ubuntu-advantage/private/machine-token.json", {}]
["2023-11-02T12:01:52.756", "DEBUG", "uaclient.files.files", "read", 55, "File does not exist: /var/lib/ubuntu-advantage/private/machine-token.json", {}]
["2023-11-02T12:01:52.759", "DEBUG", "root", "load_file", 356, "Reading file: /var/lib/ubuntu-advantage/status.json", {}]
["2023-11-02T12:01:52.761", "DEBUG", "root", "load_file", 356, "Reading file: /var/lib/ubuntu-advantage/private/machine-token.json", {}]
["2023-11-02T12:01:52.762", "DEBUG", "uaclient.files.files", "read", 55, "File does not exist: /var/lib/ubuntu-advantage/private/machine-token.json", {}]
["2023-11-02T12:02:13.398", "DEBUG", "root", "load_file", 356, "Reading file: /run/ubuntu-advantage//aptnews.json", {}]
["2023-11-02T12:02:13.400", "DEBUG", "root", "fetch_and_process_apt_news", 178, "using msg: AptNewsMessage{'begin': datetime.datetime(2023, 10, 6, 0, 0, tzinfo=datetime.timezone.utc), 'end': None, 'selectors': None, 'lines': ['Canonical released microcode updates for both Intel (CVE-2022-40982) and AMD', '(CVE-2023-20593). \u2018Unattended upgrades\u2019 provide security updates by default.', 'Ensure it remains enabled to always get all updates as they become available.']}", {}]
["2023-11-02T12:02:13.401", "DEBUG", "root", "write_file", 382, "Writing file /var/lib/ubuntu-advantage/messages/apt-news atomically via tempfile /var/lib/ubuntu-advantage/messages/tmpzr53nh20", {}]
["2023-11-02T12:07:14.610", "DEBUG", "root", "load_file", 356, "Reading file: /etc/os-release", {}]
["2023-11-02T12:07:14.617", "DEBUG", "root", "load_file", 356, "Reading file: /proc/version_signature", {}]
["2023-11-02T12:07:14.617", "WARNING", "root", "get_kernel_info", 66, "failed to process /proc/version_signature.", {}]
["2023-11-02T12:07:14.619", "WARNING", "root", "get_kernel_info", 71, "Failed to parse kernel: 5.15.90.1-microsoft-standard-WSL2", {}]
["2023-11-02T12:07:14.646", "DEBUG", "root", "load_file", 356, "Reading file: /var/lib/ubuntu-advantage/private/machine-token.json", {}]
["2023-11-02T12:07:14.653", "DEBUG", "uaclient.files.files", "read", 55, "File does not exist: /var/lib/ubuntu-advantage/private/machine-token.json", {}]
["2023-11-02T12:07:14.656", "DEBUG", "root", "load_file", 356, "Reading file: /var/lib/ubuntu-advantage/status.json", {}]
["2023-11-02T12:07:14.664", "DEBUG", "root", "load_file", 356, "Reading file: /var/lib/ubuntu-advantage/private/machine-token.json", {}]
["2023-11-02T12:07:14.665", "DEBUG", "uaclient.files.files", "read", 55, "File does not exist: /var/lib/ubuntu-advantage/private/machine-token.json", {}]
["2023-11-02T12:07:30.487", "DEBUG", "root", "load_file", 356, "Reading file: /run/ubuntu-advantage//aptnews.json", {}]
["2023-11-02T12:07:30.496", "DEBUG", "root", "fetch_and_process_apt_news", 178, "using msg: AptNewsMessage{'begin': datetime.datetime(2023, 10, 6, 0, 0, tzinfo=datetime.timezone.utc), 'end': None, 'selectors': None, 'lines': ['Canonical released microcode updates for both Intel (CVE-2022-40982) and AMD', '(CVE-2023-20593). \u2018Unattended upgrades\u2019 provide security updates by default.', 'Ensure it remains enabled to always get all updates as they become available.']}", {}]
["2023-11-02T12:07:30.498", "DEBUG", "root", "write_file", 382, "Writing file /var/lib/ubuntu-advantage/messages/apt-news atomically via tempfile /var/lib/ubuntu-advantage/messages/tmp1myffgxv", {}]
["2023-11-02T22:41:44.406", "DEBUG", "root", "load_file", 356, "Reading file: /etc/os-release", {}]
["2023-11-02T22:41:44.416", "DEBUG", "root", "load_file", 356, "Reading file: /proc/version_signature", {}]
["2023-11-02T22:41:44.417", "WARNING", "root", "get_kernel_info", 66, "failed to process /proc/version_signature.", {}]
["2023-11-02T22:41:44.418", "WARNING", "root", "get_kernel_info", 71, "Failed to parse kernel: 5.15.90.1-microsoft-standard-WSL2", {}]
["2023-11-02T22:41:44.441", "DEBUG", "root", "load_file", 356, "Reading file: /var/lib/ubuntu-advantage/private/machine-token.json", {}]
["2023-11-02T22:41:44.446", "DEBUG", "uaclient.files.files", "read", 55, "File does not exist: /var/lib/ubuntu-advantage/private/machine-token.json", {}]
["2023-11-02T22:41:44.451", "DEBUG", "root", "load_file", 356, "Reading file: /var/lib/ubuntu-advantage/status.json", {}]
["2023-11-02T22:41:44.459", "DEBUG", "root", "load_file", 356, "Reading file: /var/lib/ubuntu-advantage/private/machine-token.json", {}]
["2023-11-02T22:41:44.460", "DEBUG", "uaclient.files.files", "read", 55, "File does not exist: /var/lib/ubuntu-advantage/private/machine-token.json", {}]
["2023-11-02T22:41:55.391", "DEBUG", "root", "load_file", 356, "Reading file: /run/ubuntu-advantage//aptnews.json", {}]
["2023-11-02T22:41:55.400", "DEBUG", "root", "fetch_and_process_apt_news", 178, "using msg: AptNewsMessage{'begin': datetime.datetime(2023, 10, 6, 0, 0, tzinfo=datetime.timezone.utc), 'end': None, 'selectors': None, 'lines': ['Canonical released microcode updates for both Intel (CVE-2022-40982) and AMD', '(CVE-2023-20593). \u2018Unattended upgrades\u2019 provide security updates by default.', 'Ensure it remains enabled to always get all updates as they become available.']}", {}]
["2023-11-02T22:41:55.402", "DEBUG", "root", "write_file", 382, "Writing file /var/lib/ubuntu-advantage/messages/apt-news atomically via tempfile /var/lib/ubuntu-advantage/messages/tmp4nib1wsh", {}]
["2023-11-03T08:00:12.876", "DEBUG", "root", "load_file", 356, "Reading file: /var/lib/ubuntu-advantage/private/machine-token.json", {}]
["2023-11-03T08:00:12.880", "DEBUG", "uaclient.files.files", "read", 55, "File does not exist: /var/lib/ubuntu-advantage/private/machine-token.json", {}]
["2023-11-03T08:00:12.887", "DEBUG", "root", "load_file", 356, "Reading file: /etc/os-release", {}]
["2023-11-03T08:00:12.897", "DEBUG", "root", "load_file", 356, "Reading file: /proc/version_signature", {}]
["2023-11-03T08:00:12.898", "WARNING", "root", "get_kernel_info", 66, "failed to process /proc/version_signature.", {}]
["2023-11-03T08:00:12.901", "WARNING", "root", "get_kernel_info", 71, "Failed to parse kernel: 5.15.90.1-microsoft-standard-WSL2", {}]
["2023-11-03T08:00:12.971", "DEBUG", "root", "load_file", 356, "Reading file: /var/lib/ubuntu-advantage/status.json", {}]
["2023-11-03T08:00:12.979", "DEBUG", "root", "load_file", 356, "Reading file: /var/lib/ubuntu-advantage/private/machine-token.json", {}]
["2023-11-03T08:00:12.979", "DEBUG", "uaclient.files.files", "read", 55, "File does not exist: /var/lib/ubuntu-advantage/private/machine-token.json", {}]
["2023-11-03T08:00:30.496", "WARNING", "root", "update_esm_caches", 744, "Failed to fetch the ESM Apt Cache", {}]
["2023-11-03T08:00:31.740", "DEBUG", "root", "load_file", 356, "Reading file: /run/ubuntu-advantage//aptnews.json", {}]
["2023-11-03T08:00:31.745", "DEBUG", "root", "fetch_and_process_apt_news", 178, "using msg: AptNewsMessage{'begin': datetime.datetime(2023, 10, 6, 0, 0, tzinfo=datetime.timezone.utc), 'end': None, 'selectors': None, 'lines': ['Canonical released microcode updates for both Intel (CVE-2022-40982) and AMD', '(CVE-2023-20593). \u2018Unattended upgrades\u2019 provide security updates by default.', 'Ensure it remains enabled to always get all updates as they become available.']}", {}]
["2023-11-03T08:00:31.747", "DEBUG", "root", "write_file", 382, "Writing file /var/lib/ubuntu-advantage/messages/apt-news atomically via tempfile /var/lib/ubuntu-advantage/messages/tmp1lcnyvx2", {}]
["2023-11-03T11:48:01.855", "DEBUG", "root", "load_file", 356, "Reading file: /etc/os-release", {}]
["2023-11-03T11:48:01.858", "DEBUG", "root", "load_file", 356, "Reading file: /proc/version_signature", {}]
["2023-11-03T11:48:01.858", "WARNING", "root", "get_kernel_info", 66, "failed to process /proc/version_signature.", {}]
["2023-11-03T11:48:01.858", "WARNING", "root", "get_kernel_info", 71, "Failed to parse kernel: 5.15.90.1-microsoft-standard-WSL2", {}]
["2023-11-03T11:48:01.866", "DEBUG", "root", "load_file", 356, "Reading file: /var/lib/ubuntu-advantage/private/machine-token.json", {}]
["2023-11-03T11:48:01.868", "DEBUG", "uaclient.files.files", "read", 55, "File does not exist: /var/lib/ubuntu-advantage/private/machine-token.json", {}]
["2023-11-03T11:48:01.875", "DEBUG", "root", "load_file", 356, "Reading file: /var/lib/ubuntu-advantage/status.json", {}]
["2023-11-03T11:48:01.879", "DEBUG", "root", "load_file", 356, "Reading file: /var/lib/ubuntu-advantage/private/machine-token.json", {}]
["2023-11-03T11:48:01.879", "DEBUG", "uaclient.files.files", "read", 55, "File does not exist: /var/lib/ubuntu-advantage/private/machine-token.json", {}]
["2023-11-03T11:48:10.973", "DEBUG", "root", "load_file", 356, "Reading file: /run/ubuntu-advantage//aptnews.json", {}]
["2023-11-03T11:48:10.979", "DEBUG", "root", "fetch_and_process_apt_news", 178, "using msg: AptNewsMessage{'begin': datetime.datetime(2023, 10, 6, 0, 0, tzinfo=datetime.timezone.utc), 'end': None, 'selectors': None, 'lines': ['Canonical released microcode updates for both Intel (CVE-2022-40982) and AMD', '(CVE-2023-20593). \u2018Unattended upgrades\u2019 provide security updates by default.', 'Ensure it remains enabled to always get all updates as they become available.']}", {}]
["2023-11-03T11:48:10.980", "DEBUG", "root", "write_file", 382, "Writing file /var/lib/ubuntu-advantage/messages/apt-news atomically via tempfile /var/lib/ubuntu-advantage/messages/tmpdqo1kl3u", {}]
["2023-11-03T11:59:59.862", "DEBUG", "ubuntupro.config", "parse_config", 642, "Using client configuration file at /etc/ubuntu-advantage/uaclient.conf", {}]
["2023-11-03T11:59:59.862", "DEBUG", "ubuntupro.system", "load_file", 485, "Reading file: /etc/ubuntu-advantage/uaclient.conf", {}]
["2023-11-03T11:59:59.862", "DEBUG", "ubuntupro.system", "load_file", 485, "Reading file: /var/lib/ubuntu-advantage/user-config.json", {}]
["2023-11-03T11:59:59.862", "DEBUG", "ubuntupro.files.files", "read", 55, "File does not exist: /var/lib/ubuntu-advantage/user-config.json", {}]
["2023-11-03T11:59:59.863", "DEBUG", "ubuntupro.system", "load_file", 485, "Reading file: /etc/os-release", {}]
["2023-11-03T11:59:59.866", "DEBUG", "ubuntupro.config", "parse_config", 642, "Using client configuration file at /etc/ubuntu-advantage/uaclient.conf", {}]
["2023-11-03T11:59:59.866", "DEBUG", "ubuntupro.system", "load_file", 485, "Reading file: /etc/ubuntu-advantage/uaclient.conf", {}]
["2023-11-03T11:59:59.867", "DEBUG", "ubuntupro.system", "load_file", 485, "Reading file: /var/lib/ubuntu-advantage/user-config.json", {}]
["2023-11-03T11:59:59.867", "DEBUG", "ubuntupro.files.files", "read", 55, "File does not exist: /var/lib/ubuntu-advantage/user-config.json", {}]
["2023-11-03T11:59:59.867", "DEBUG", "ubuntupro.system", "load_file", 485, "Reading file: /var/lib/ubuntu-advantage/private/machine-token.json", {}]
["2023-11-03T11:59:59.867", "DEBUG", "ubuntupro.files.files", "read", 55, "File does not exist: /var/lib/ubuntu-advantage/private/machine-token.json", {}]
["2023-11-03T11:59:59.874", "DEBUG", "ubuntupro.system", "load_file", 485, "Reading file: /var/lib/ubuntu-advantage/status.json", {}]
["2023-11-03T11:59:59.876", "DEBUG", "ubuntupro.system", "load_file", 485, "Reading file: /var/lib/ubuntu-advantage/private/machine-token.json", {}]
["2023-11-03T11:59:59.876", "DEBUG", "ubuntupro.files.files", "read", 55, "File does not exist: /var/lib/ubuntu-advantage/private/machine-token.json", {}]
["2023-11-03T12:00:02.503", "DEBUG", "ubuntupro.system", "load_file", 485, "Reading file: /run/ubuntu-advantage//aptnews.json", {}]
["2023-11-03T12:00:02.505", "DEBUG", "ubuntupro.apt_news", "fetch_and_process_apt_news", 169, "using msg: AptNewsMessage{'begin': datetime.datetime(2023, 10, 6, 0, 0, tzinfo=datetime.timezone.utc), 'end': None, 'selectors': None, 'lines': ['Canonical released microcode updates for both Intel (CVE-2022-40982) and AMD', '(CVE-2023-20593). \u2018Unattended upgrades\u2019 provide security updates by default.', 'Ensure it remains enabled to always get all updates as they become available.']}", {}]
["2023-11-03T12:00:02.505", "DEBUG", "ubuntupro.system", "write_file", 525, "Writing file /var/lib/ubuntu-advantage/messages/apt-news-raw atomically via tempfile /var/lib/ubuntu-advantage/messages/tmpushyh1s5", {}]
["2023-11-03T12:00:02.506", "DEBUG", "ubuntupro.system", "write_file", 525, "Writing file /var/lib/ubuntu-advantage/messages/apt-news atomically via tempfile /var/lib/ubuntu-advantage/messages/tmpyzq40eo1", {}]
["2023-11-03T12:02:41.474", "DEBUG", "ubuntupro.config", "parse_config", 642, "Using client configuration file at /etc/ubuntu-advantage/uaclient.conf", {}]
["2023-11-03T12:02:41.474", "DEBUG", "ubuntupro.system", "load_file", 485, "Reading file: /etc/ubuntu-advantage/uaclient.conf", {}]
["2023-11-03T12:02:41.475", "DEBUG", "ubuntupro.system", "load_file", 485, "Reading file: /var/lib/ubuntu-advantage/user-config.json", {}]
["2023-11-03T12:02:41.475", "DEBUG", "ubuntupro.files.files", "read", 55, "File does not exist: /var/lib/ubuntu-advantage/user-config.json", {}]
["2023-11-03T12:02:41.475", "DEBUG", "ubuntupro.system", "load_file", 485, "Reading file: /etc/os-release", {}]
["2023-11-03T12:02:41.477", "DEBUG", "ubuntupro.config", "parse_config", 642, "Using client configuration file at /etc/ubuntu-advantage/uaclient.conf", {}]
["2023-11-03T12:02:41.477", "DEBUG", "ubuntupro.system", "load_file", 485, "Reading file: /etc/ubuntu-advantage/uaclient.conf", {}]
["2023-11-03T12:02:41.478", "DEBUG", "ubuntupro.system", "load_file", 485, "Reading file: /var/lib/ubuntu-advantage/user-config.json", {}]
["2023-11-03T12:02:41.478", "DEBUG", "ubuntupro.files.files", "read", 55, "File does not exist: /var/lib/ubuntu-advantage/user-config.json", {}]
["2023-11-03T12:02:41.478", "DEBUG", "ubuntupro.system", "load_file", 485, "Reading file: /var/lib/ubuntu-advantage/private/machine-token.json", {}]
["2023-11-03T12:02:41.479", "DEBUG", "ubuntupro.files.files", "read", 55, "File does not exist: /var/lib/ubuntu-advantage/private/machine-token.json", {}]
["2023-11-03T12:02:41.486", "DEBUG", "ubuntupro.system", "load_file", 485, "Reading file: /var/lib/ubuntu-advantage/status.json", {}]
["2023-11-03T12:02:41.488", "DEBUG", "ubuntupro.system", "load_file", 485, "Reading file: /var/lib/ubuntu-advantage/private/machine-token.json", {}]
["2023-11-03T12:02:41.488", "DEBUG", "ubuntupro.files.files", "read", 55, "File does not exist: /var/lib/ubuntu-advantage/private/machine-token.json", {}]
["2023-11-03T12:02:42.135", "DEBUG", "ubuntupro.system", "load_file", 485, "Reading file: /run/ubuntu-advantage//aptnews.json", {}]
["2023-11-03T12:02:42.137", "DEBUG", "ubuntupro.apt_news", "fetch_and_process_apt_news", 169, "using msg: AptNewsMessage{'begin': datetime.datetime(2023, 10, 6, 0, 0, tzinfo=datetime.timezone.utc), 'end': None, 'selectors': None, 'lines': ['Canonical released microcode updates for both Intel (CVE-2022-40982) and AMD', '(CVE-2023-20593). \u2018Unattended upgrades\u2019 provide security updates by default.', 'Ensure it remains enabled to always get all updates as they become available.']}", {}]
["2023-11-03T12:02:42.138", "DEBUG", "ubuntupro.system", "write_file", 525, "Writing file /var/lib/ubuntu-advantage/messages/apt-news-raw atomically via tempfile /var/lib/ubuntu-advantage/messages/tmpuywtun95", {}]
["2023-11-03T12:02:42.138", "DEBUG", "ubuntupro.system", "write_file", 525, "Writing file /var/lib/ubuntu-advantage/messages/apt-news atomically via tempfile /var/lib/ubuntu-advantage/messages/tmpxwx46sd_", {}]
