Hit:1 http://archive.ubuntu.com/ubuntu jammy InRelease
Get:2 http://archive.ubuntu.com/ubuntu jammy-updates InRelease [119 kB]
Get:3 http://archive.ubuntu.com/ubuntu jammy-backports InRelease [109 kB]
Reading package lists...Hit:1 http://archive.ubuntu.com/ubuntu jammy InRelease
Get:2 http://archive.ubuntu.com/ubuntu jammy-updates InRelease [119 kB]
Get:3 http://archive.ubuntu.com/ubuntu jammy-backports InRelease [109 kB]
Get:4 http://security.ubuntu.com/ubuntu jammy-security InRelease [110 kB]
Reading package lists...
Reading package lists...
Building dependency tree...
Reading state information...
Calculating upgrade...
#
# Canonical released microcode updates for both Intel (CVE-2022-40982) and AMD
# (CVE-2023-20593). ‘Unattended upgrades’ provide security updates by default.
# Ensure it remains enabled to always get all updates as they become available.
#
0 upgraded, 0 newly installed, 0 to remove and 0 not upgraded.
Hit:1 http://archive.ubuntu.com/ubuntu jammy InRelease
Get:2 http://archive.ubuntu.com/ubuntu jammy-updates InRelease [119 kB]
Get:3 http://archive.ubuntu.com/ubuntu jammy-backports InRelease [109 kB]
Get:4 http://security.ubuntu.com/ubuntu jammy-security InRelease [110 kB]
Reading package lists...
Reading package lists...
Building dependency tree...
Reading state information...
Calculating upgrade...
#
# Canonical released microcode updates for both Intel (CVE-2022-40982) and AMD
# (CVE-2023-20593). ‘Unattended upgrades’ provide security updates by default.
# Ensure it remains enabled to always get all updates as they become available.
#
0 upgraded, 0 newly installed, 0 to remove and 0 not upgraded.
Hit:1 http://archive.ubuntu.com/ubuntu jammy InRelease
Get:2 http://archive.ubuntu.com/ubuntu jammy-updates InRelease [119 kB]
Get:3 http://archive.ubuntu.com/ubuntu jammy-backports InRelease [109 kB]
Get:4 http://security.ubuntu.com/ubuntu jammy-security InRelease [110 kB]
Reading package lists...
Reading package lists...
Building dependency tree...
Reading state information...
Calculating upgrade...
#
# Canonical released microcode updates for both Intel (CVE-2022-40982) and AMD
# (CVE-2023-20593). ‘Unattended upgrades’ provide security updates by default.
# Ensure it remains enabled to always get all updates as they become available.
#
0 upgraded, 0 newly installed, 0 to remove and 0 not upgraded.
